-359
-189.5
-20
-64
-108
-233.5
-359
-233.5
-108
-104
-108
-104
-108
-171.5
-191
-149.5
-191
-154.5
-191
-154.5
-191
-213
-235
-267.5
-300
-329.5
-359
-419
-381
-430
-381
-400.5
-381
-400.5
-420
-400.5
-420
-449.5
-479
-449.5
-420
-400.5
-420
-449.5
-479
-532.5
-586
-589
-586
-571
-556
-571
-586
-589
-592
-589
-586
-589
-592
-589
-592
-589
-586
-575.5
-565
-560.5
-565
-560.5
-556
-534.5
-556
-534.5
-513
-496
-513
-496
-513
-496
-513
-522.5
-532
-522.5
-532
-522.5
-532
-522.5
-513
-496
-513
-496
-513
-496
-479
-496
-479
-457.5
-479
-457.5
-479
-496
