18914
16593.5
18914
18205.5
17798
17647.5
17798
18356
17798
18356
18914
19548
20182
32554
44926
57055
44926
35830.5
37180
35123
37180
41053
37180
41053
37180
41053
44926
46528
48130
46528
48130
46528
48130
55503
48130
52343
48130
46528
48130
46528
44926
42969.5
44926
42969.5
44926
46528
48130
46528
44926
44097
44926
46528
48130
46528
44926
45058
45190
45058
45190
45058
44926
45058
45190
45058
45190
46611
48032
48081
48032
48081
48032
48081
48130
49726.5
51323
51410.5
51323
49726.5
51323
51410.5
51323
51410.5
51498
51410.5
51323
49726.5
48130
48112
48130
48112
48130
48112
48094
48063
48032
46611
45190
46611
45190
46611
