Wrong!
Wrong!
2147483613
2147483628
Wrong!
Wrong!
Wrong!
2147483613
Wrong!
Wrong!
Wrong!
Wrong!
564950777.5
Wrong!
Wrong!
Wrong!
Wrong!
2147483613
564950777.5
Wrong!
Wrong!
Wrong!
-810401150
-913991604
-1017582058
-913991604
Wrong!
Wrong!
-810401150
Wrong!
Wrong!
Wrong!
Wrong!
Wrong!
Wrong!
Wrong!
-695377348
-810401150
Wrong!
Wrong!
-695377348
Wrong!
Wrong!
-810401150
Wrong!
-695377348
-580353546
Wrong!
Wrong!
Wrong!
783565030
-580353546
-695377348
Wrong!
Wrong!
Wrong!
Wrong!
-810401150
Wrong!
Wrong!
-913991604
Wrong!
Wrong!
Wrong!
-1017582058
Wrong!
Wrong!
Wrong!
-1020622583
Wrong!
-1017582058
Wrong!
Wrong!
-913991604
-1017582058
-1020622583
-1017582058
Wrong!
Wrong!
Wrong!
Wrong!
Wrong!
-1020622583
Wrong!
-1017582058
-1020622583
-1017582058
-1020622583
Wrong!
Wrong!
Wrong!
Wrong!
Wrong!
Wrong!
Wrong!
Wrong!
-1023663108
-1131842732.5
-1023663108
Wrong!
-1131842732.5
-1240022357
-1131842732.5
Wrong!
Wrong!
Wrong!
-1023663108
-1131842732.5
Wrong!
-1023663108
Wrong!
-1020622583
-1023663108
-1131842732.5
-1023663108
-1131842732.5
Wrong!
-1023663108
-1131842732.5
Wrong!
-1240022357
Wrong!
Wrong!
-1400682219.5
-1240022357
-1131842732.5
-1240022357
-1131842732.5
-1240022357
-1131842732.5
-1023663108
Wrong!
-905574557.5
-787486007
-905574557.5
Wrong!
-787486007
-683919776.5
-580353546
Wrong!
-572316427.5
-580353546
Wrong!
-683919776.5
Wrong!
-580353546
-572316427.5
-564279309
Wrong!
Wrong!
-572316427.5
Wrong!
Wrong!
-564279309
-572316427.5
-580353546
-572316427.5
Wrong!
-564279309
-480592710.5
-396906112
Wrong!
Wrong!
-480592710.5
-564279309
-480592710.5
Wrong!
-396906112
Wrong!
-480592710.5
Wrong!
-396906112
-378902387.5
-396906112
-480592710.5
Wrong!
-564279309
-480592710.5
Wrong!
-564279309
-480592710.5
Wrong!
-396906112
-480592710.5
-396906112
Wrong!
Wrong!
-378902387.5
Wrong!
Wrong!
Wrong!
Wrong!
Wrong!
-360898663
-378902387.5
Wrong!
-396906112
Wrong!
Wrong!
Wrong!
-401854320
-406802528
Wrong!
-485540918.5
-406802528
-485540918.5
Wrong!
-406802528
-485540918.5
Wrong!
Wrong!
-406802528
Wrong!
-485540918.5
-406802528
Wrong!
Wrong!
Wrong!
Wrong!
Wrong!
-485540918.5
Wrong!
-564279309
Wrong!
Wrong!
-572316427.5
Wrong!
Wrong!
-580353546
-572316427.5
-580353546
-683919776.5
-580353546
Wrong!
-683919776.5
-787486007
-787631190.5
Wrong!
-787776374
-787631190.5
-787776374
-1013899365.5
Wrong!
Wrong!
Wrong!
Wrong!
-787776374
-787631190.5
-787486007
Wrong!
Wrong!
Wrong!
-683919776.5
Wrong!
Wrong!
-580353546
Wrong!
Wrong!
Wrong!
Wrong!
Wrong!
-683919776.5
-580353546
Wrong!
-683919776.5
-787486007
Wrong!
-683919776.5
Wrong!
-580353546
Wrong!
-572316427.5
-580353546
Wrong!
-572316427.5
Wrong!
-580353546
Wrong!
-572316427.5
-564279309
Wrong!
-493396451.5
Wrong!
-422513594
Wrong!
-493396451.5
-564279309
Wrong!
-572316427.5
Wrong!
-564279309
-493396451.5
-422513594
Wrong!
-414793526
Wrong!
Wrong!
Wrong!
Wrong!
Wrong!
Wrong!
Wrong!
-407073458
-414793526
-422513594
Wrong!
Wrong!
Wrong!
-493396451.5
-422513594
-493396451.5
-422513594
-414793526
Wrong!
Wrong!
-422513594
Wrong!
-414793526
-422513594
-414793526
Wrong!
-422513594
-493396451.5
-422513594
-414793526
-422513594
-493396451.5
-422513594
-414793526
-422513594
Wrong!
-493396451.5
-564279309
-493396451.5
-422513594
Wrong!
Wrong!
-493396451.5
-422513594
-414793526
Wrong!
-422513594
Wrong!
Wrong!
Wrong!
Wrong!
Wrong!
-414793526
-422513594
Wrong!
-414793526
-407073458
-414793526
Wrong!
-407073458
-401989785
-407073458
-414793526
-407073458
-401989785
-407073458
Wrong!
-414793526
-422513594
Wrong!
Wrong!
Wrong!
-493396451.5
Wrong!
-564279309
-493396451.5
Wrong!
Wrong!
Wrong!
-422513594
Wrong!
-493396451.5
Wrong!
-564279309
Wrong!
-572316427.5
Wrong!
-580353546
-572316427.5
Wrong!
-564279309
Wrong!
Wrong!
-493396451.5
-564279309
-572316427.5
-580353546
Wrong!
Wrong!
Wrong!
-572316427.5
-580353546
-587799295.5
-595245045
Wrong!
Wrong!
Wrong!
Wrong!
Wrong!
-621776325.5
Wrong!
-648307606
-621776325.5
Wrong!
-648307606
Wrong!
-621776325.5
-595245045
Wrong!
-587799295.5
Wrong!
-580353546
Wrong!
-572316427.5
-564279309
-493396451.5
-422513594
-414793526
-422513594
-493396451.5
-564279309
-572316427.5
Wrong!
-580353546
Wrong!
Wrong!
Wrong!
-572316427.5
Wrong!
-580353546
-572316427.5
Wrong!
-580353546
Wrong!
Wrong!
-587799295.5
-580353546
-587799295.5
-580353546
Wrong!
-587799295.5
-580353546
-572316427.5
-564279309
-572316427.5
-564279309
Wrong!
Wrong!
Wrong!
Wrong!
-493396451.5
Wrong!
-422513594
Wrong!
Wrong!
-493396451.5
-564279309
Wrong!
-566725563.5
-569171818
Wrong!
Wrong!
Wrong!
-566725563.5
Wrong!
-569171818
-566725563.5
-564279309
-547527465.5
-530775622
Wrong!
Wrong!
Wrong!
-476644608
-530775622
-476644608
Wrong!
-422513594
Wrong!
-476644608
-530775622
Wrong!
-476644608
-422513594
-476644608
Wrong!
-530775622
-476644608
Wrong!
Wrong!
Wrong!
Wrong!
-422513594
Wrong!
Wrong!
-419345224.5
Wrong!
-416176855
Wrong!
-411625156.5
Wrong!
-416176855
-411625156.5
Wrong!
Wrong!
-407073458
-411625156.5
-407073458
Wrong!
-383986060.5
-360898663
-383986060.5
Wrong!
Wrong!
-407073458
-411625156.5
Wrong!
-407073458
-383986060.5
-407073458
Wrong!
Wrong!
Wrong!
-383986060.5
Wrong!
-407073458
-411625156.5
-407073458
Wrong!
-383986060.5
Wrong!
Wrong!
Wrong!
Wrong!
-407073458
-411625156.5
-416176855
-473476238.5
Wrong!
-530775622
-473476238.5
-416176855
-411625156.5
-416176855
-490228082
-416176855
-411625156.5
Wrong!
-407073458
-383986060.5
-407073458
Wrong!
-411625156.5
Wrong!
-416176855
-411625156.5
Wrong!
Wrong!
Wrong!
-407073458
-411625156.5
-416176855
-490228082
-564279309
Wrong!
Wrong!
-490228082
Wrong!
-416176855
Wrong!
-411625156.5
Wrong!
-407073458
-388537759
-416176855
Wrong!
-388537759
-416176855
Wrong!
-490228082
-564279309
-566725563.5
-569171818
Wrong!
-582208431.5
-569171818
Wrong!
Wrong!
-582208431.5
-595245045
-599055130.5
Wrong!
Wrong!
Wrong!
Wrong!
-602865216
-599055130.5
-595245045
-582208431.5
-595245045
-599055130.5
-602865216
Wrong!
-599055130.5
-595245045
-599055130.5
-602865216
Wrong!
Wrong!
-625000283
-602865216
-625000283
-647135350
-647721478
-648307606
Wrong!
-647721478
-648307606
-657844032
-648307606
-657844032
Wrong!
-648307606
Wrong!
-647721478
-647135350
Wrong!
-625000283
Wrong!
Wrong!
-647135350
-647721478
-647135350
-647721478
-647135350
-625000283
-602865216
Wrong!
-599055130.5
Wrong!
-602865216
-599055130.5
-602865216
Wrong!
-625000283
Wrong!
-647135350
Wrong!
-647721478
Wrong!
-647135350
-625000283
-647135350
-647721478
Wrong!
-648307606
Wrong!
-657844032
-648307606
-657844032
-667380458
Wrong!
Wrong!
-685399305.5
Wrong!
-703418153
-685399305.5
-703418153
Wrong!
Wrong!
-726283040.5
-703418153
-726283040.5
-703418153
Wrong!
-726283040.5
-749147928
-762135547
-775123166
-809148192.5
-775123166
-762135547
-749147928
Wrong!
-762135547
-749147928
-726283040.5
Wrong!
-703418153
-726283040.5
Wrong!
-703418153
-685399305.5
Wrong!
Wrong!
-703418153
-726283040.5
-749147928
-762135547
-775123166
-762135547
-775123166
-762135547
-749147928
-762135547
-749147928
-762135547
Wrong!
Wrong!
Wrong!
-775123166
-762135547
-749147928
Wrong!
-726283040.5
-703418153
Wrong!
-685399305.5
Wrong!
-703418153
Wrong!
Wrong!
-685399305.5
-703418153
Wrong!
-685399305.5
-667380458
Wrong!
-657844032
-648307606
Wrong!
-647721478
-647135350
-647721478
-647135350
-625000283
-647135350
Wrong!
-647721478
-648307606
-657844032
-648307606
-647721478
-647135350
-647721478
-648307606
-657844032
Wrong!
Wrong!
Wrong!
-667380458
Wrong!
Wrong!
Wrong!
-685399305.5
-703418153
-685399305.5
-667380458
-657844032
-648307606
-657844032
-648307606
Wrong!
Wrong!
Wrong!
-647721478
-648307606
-647721478
Wrong!
Wrong!
-648307606
-647721478
-647135350
-647721478
-648307606
-657844032
-667380458
Wrong!
-657844032
-648307606
-657844032
-667380458
-657844032
Wrong!
-667380458
-657844032
-667380458
Wrong!
-657844032
-648307606
-647721478
-647135350
-644894659.5
Wrong!
Wrong!
-647135350
Wrong!
-647721478
-647135350
-647721478
Wrong!
Wrong!
-647135350
Wrong!
Wrong!
Wrong!
-644894659.5
-647135350
-644894659.5
Wrong!
-642653969
Wrong!
Wrong!
Wrong!
-622759592.5
-602865216
Wrong!
-599055130.5
-602865216
Wrong!
Wrong!
-622759592.5
-602865216
Wrong!
-599055130.5
Wrong!
Wrong!
-595245045
-587120385.5
-578995726
-572725825.5
Wrong!
-566455925
-500388768
-566455925
Wrong!
-572725825.5
-566455925
-572725825.5
-566455925
-500388768
-566455925
-572725825.5
Wrong!
-566455925
-500388768
-434321611
-430385359.5
Wrong!
Wrong!
Wrong!
-426449108
Wrong!
-430385359.5
Wrong!
-426449108
-430385359.5
-426449108
-421312981.5
-426449108
Wrong!
-430385359.5
-426449108
Wrong!
-430385359.5
-434321611
-430385359.5
-434321611
-430385359.5
-434321611
Wrong!
Wrong!
-430385359.5
-434321611
-430385359.5
-434321611
-500388768
-434321611
Wrong!
-500388768
-434321611
-496452516.5
-566455925
-572725825.5
Wrong!
-566455925
Wrong!
-572725825.5
Wrong!
-578995726
Wrong!
-572725825.5
-578995726
Wrong!
Wrong!
