Wrong!
Wrong!
36613
18210
36613
Wrong!
18210
Wrong!
-193
Wrong!
Wrong!
18210
Wrong!
11678
15296
18914
15296
Wrong!
Wrong!
18914
15296
11678
15296
Wrong!
Wrong!
18914
Wrong!
22926.5
Wrong!
Wrong!
Wrong!
Wrong!
Wrong!
Wrong!
26939
32059.5
Wrong!
37180
Wrong!
Wrong!
Wrong!
Wrong!
Wrong!
Wrong!
32059.5
Wrong!
26939
Wrong!
Wrong!
22926.5
Wrong!
Wrong!
Wrong!
Wrong!
26939
Wrong!
22926.5
Wrong!
Wrong!
18914
18475
18036
14857
Wrong!
11678
14857
Wrong!
Wrong!
Wrong!
Wrong!
Wrong!
11678
Wrong!
Wrong!
Wrong!
Wrong!
6676.5
11678
6676.5
Wrong!
11678
Wrong!
Wrong!
Wrong!
Wrong!
6676.5
Wrong!
Wrong!
1675
6676.5
1675
841
1675
Wrong!
5842.5
7
Wrong!
5842.5
7
4335
7
Wrong!
-13.5
-34
-48.5
-63
-74.5
Wrong!
-63
-48.5
-34
-14.5
-34
Wrong!
-14.5
-34
Wrong!
-14.5
5
Wrong!
-14.5
5
-14.5
Wrong!
5
6
Wrong!
7
Wrong!
78
7
6
7
78
7
6
5
-14.5
-34
-14.5
5
3.5
2
3.5
Wrong!
Wrong!
5
6
5
Wrong!
6
7
Wrong!
Wrong!
Wrong!
6
Wrong!
5
6
5
3.5
2
Wrong!
Wrong!
-16
Wrong!
Wrong!
Wrong!
-34
Wrong!
-48.5
-34
-48.5
-34
-16
-34
-16
-34
-16
Wrong!
Wrong!
Wrong!
-34
-16
-34
-16
Wrong!
2
-16
Wrong!
2
Wrong!
Wrong!
-16
2
-16
2
-16
-32
-15
Wrong!
2
Wrong!
-15
Wrong!
Wrong!
Wrong!
-32
Wrong!
-33
-32
-33
-34
Wrong!
-48.5
-34
Wrong!
-48.5
-63
-65
-63
Wrong!
Wrong!
-65
-63
-65
-67
-72.5
-78
-82
-86
-97
-86
-97
-108
-114
-120
-155
Wrong!
-190
-191.5
-193
-191.5
-193
-191.5
Wrong!
-190
-191.5
Wrong!
Wrong!
Wrong!
-190
-155
-120
-155
-190
-191.5
-190
-155
Wrong!
Wrong!
-120
-155
Wrong!
-190
Wrong!
-155
Wrong!
-190
Wrong!
-155
-190
-191.5
-190
-155
-190
Wrong!
Wrong!
Wrong!
-155
-190
-155
-120
-155
-190
-191.5
Wrong!
-190
Wrong!
-191.5
-193
-191.5
Wrong!
-190
-191.5
-190
-155
Wrong!
Wrong!
-120
-119
Wrong!
-118
-119
-118
Wrong!
-119
-118
-113
-108
Wrong!
-113
-118
-119
-120
Wrong!
Wrong!
-119
-120
-155
-190
-191.5
Wrong!
-193
-214
-193
-214
-193
-191.5
-190
-191.5
Wrong!
-190
-155
Wrong!
-190
-176.5
Wrong!
-163
Wrong!
-141.5
-120
-141.5
-163
Wrong!
Wrong!
Wrong!
-176.5
-190
-191.5
-190
-191.5
Wrong!
Wrong!
Wrong!
Wrong!
-190
Wrong!
-176.5
Wrong!
Wrong!
-190
-176.5
-190
-191.5
-191
-190.5
-191
-190.5
-191
-191.5
-191
-191.5
-192
-192.5
Wrong!
Wrong!
-193
Wrong!
-214
-193
Wrong!
-192.5
-192
-192.5
-193
-214
-235
-214
-235
-242.5
-250
-242.5
Wrong!
-250
-255
-260
-265
Wrong!
-260
