18914
16593.5
18914
18205.5
17798
17647.5
17798
18356
17798
18356
18914
19548
20182
32554
44926
57055
44926
35830.5
37180
35123
37180
41053
37180
41053
37180
41053
44926
46528
48130
46528
48130
46528
48130
55503
48130
52343
48130
46528
48130
46528
44926
42969.5
44926
42969.5
44926
46528
48130
46528
44926
44097
44926
46528
48130
46528
44926
45058
45190
45058
45190
45058
44926
45058
45190
45058
45190
46611
48032
48081
48032
48081
48032
48081
48130
49726.5
51323
51410.5
51323
49726.5
51323
51410.5
51323
51410.5
51498
51410.5
51323
49726.5
48130
48112
48130
48112
48130
48112
48094
48063
48032
46611
45190
46611
45190
46611
45190
45058
44926
44097
43268
43066.5
42865
42580.5
42296
42130.5
41965
41489
41013
40620
40227
39139
38051
37978
37905
37542.5
37180
36896.5
36613
36252
35891
35662
35433
34437
33441
33253.5
33066
32529
31992
31926
31860
30328
28796
27867.5
26939
26837
26735
26356.5
25978
25268
24558
23985.5
23413
22135.5
20858
20520
20182
19548
18914
18475
18036
17994
17952
17875
17798
17660
17522
17509.5
17497
16972.5
16448
15360.5
14273
13471
12669
12222
11775
11726.5
11678
11550.5
11423
10043
8663
8646
8629
7937.5
7246
6670.5
6095
5418.5
4742
4612.5
4483
3787
3091
2698.5
2306
1990.5
1675
1590
1505
1221
937
543
149
78
7
6
5
4
3
2.5
2
-7
-16
-18
-20
-26
-32
-33
-34
-35
-36
-45
-54
-54
-54
-56
-58
-59.5
-61
-61.5
-62
-62.5
-63
-65
-67
-67
-67
-72.5
-78
-82
-86
-93
-100
-100.5
-101
-104.5
-108
-113
-118
-119
-120
-141.5
-163
-176.5
-190
-190.5
-191
-191.5
-192
-192.5
-193
-214
-235
-242.5
-250
-255
-260
-265
-270
-273.5
-277
-281.5
-286
-289
-292
-296
-300
-304
-308
-316.5
-325
-335
-345
-352
-359
-360
-361
-364
-367
-372.5
-378
-379.5
-381
-393.5
-406
-411.5
-417
-418.5
-420
-428
-436
-457.5
-479
-496
Wrong!
Wrong!
Wrong!
Wrong!
Wrong!
Wrong!
Wrong!
Wrong!
Wrong!
Wrong!
Wrong!
Wrong!
Wrong!
Wrong!
Wrong!
Wrong!
Wrong!
Wrong!
Wrong!
Wrong!
Wrong!
Wrong!
Wrong!
Wrong!
Wrong!
Wrong!
Wrong!
Wrong!
Wrong!
Wrong!
Wrong!
Wrong!
Wrong!
Wrong!
Wrong!
Wrong!
Wrong!
Wrong!
Wrong!
Wrong!
Wrong!
Wrong!
Wrong!
Wrong!
Wrong!
Wrong!
Wrong!
Wrong!
Wrong!
Wrong!
Wrong!
Wrong!
Wrong!
Wrong!
Wrong!
Wrong!
Wrong!
Wrong!
Wrong!
Wrong!
Wrong!
Wrong!
Wrong!
Wrong!
Wrong!
Wrong!
Wrong!
Wrong!
Wrong!
Wrong!
Wrong!
Wrong!
Wrong!
Wrong!
Wrong!
Wrong!
Wrong!
Wrong!
Wrong!
Wrong!
Wrong!
Wrong!
Wrong!
Wrong!
Wrong!
Wrong!
Wrong!
Wrong!
Wrong!
Wrong!
Wrong!
Wrong!
Wrong!
Wrong!
Wrong!
Wrong!
Wrong!
Wrong!
Wrong!
Wrong!
